Started GET "/" for 127.0.0.1 at 2023-05-02 11:59:01 -0300
Processing by Rails::WelcomeController#index as HTML
  Rendering /home/fabio/.rbenv/versions/3.1.3/lib/ruby/gems/3.1.0/gems/railties-7.0.4.3/lib/rails/templates/rails/welcome/index.html.erb
  Rendered /home/fabio/.rbenv/versions/3.1.3/lib/ruby/gems/3.1.0/gems/railties-7.0.4.3/lib/rails/templates/rails/welcome/index.html.erb (Duration: 0.9ms | Allocations: 635)
Completed 200 OK in 8ms (Views: 3.4ms | ActiveRecord: 0.0ms | Allocations: 5088)


Started GET "/" for 127.0.0.1 at 2023-05-02 12:05:31 -0300
Processing by ArticlesController#index as HTML
  Rendering layout layouts/application.html.erb
  Rendering articles/index.html.erb within layouts/application
  Rendered articles/index.html.erb within layouts/application (Duration: 0.3ms | Allocations: 122)
  Rendered layout layouts/application.html.erb (Duration: 187.3ms | Allocations: 90256)
Completed 200 OK in 189ms (Views: 188.6ms | Allocations: 91303)


  [1m[35m (4.1ms)[0m  [1m[35mCREATE TABLE "schema_migrations" ("version" varchar NOT NULL PRIMARY KEY)[0m
  [1m[35m (1.0ms)[0m  [1m[35mCREATE TABLE "ar_internal_metadata" ("key" varchar NOT NULL PRIMARY KEY, "value" varchar, "created_at" datetime(6) NOT NULL, "updated_at" datetime(6) NOT NULL)[0m
  [1m[36mActiveRecord::SchemaMigration Pluck (0.1ms)[0m  [1m[34mSELECT "schema_migrations"."version" FROM "schema_migrations" ORDER BY "schema_migrations"."version" ASC[0m
Migrating to CreatePosts (20230502150825)
  [1m[36mTRANSACTION (0.0ms)[0m  [1m[36mbegin transaction[0m
  [1m[35m (0.2ms)[0m  [1m[35mCREATE TABLE "posts" ("id" integer PRIMARY KEY AUTOINCREMENT NOT NULL, "title" varchar, "description" varchar, "text" varchar, "created_at" datetime(6) NOT NULL, "updated_at" datetime(6) NOT NULL)[0m
  [1m[36mActiveRecord::SchemaMigration Create (0.1ms)[0m  [1m[32mINSERT INTO "schema_migrations" ("version") VALUES (?)[0m  [["version", "20230502150825"]]
  [1m[36mTRANSACTION (1.3ms)[0m  [1m[36mcommit transaction[0m
  [1m[36mActiveRecord::InternalMetadata Load (0.1ms)[0m  [1m[34mSELECT "ar_internal_metadata".* FROM "ar_internal_metadata" WHERE "ar_internal_metadata"."key" = ? LIMIT ?[0m  [["key", "environment"], ["LIMIT", 1]]
  [1m[36mTRANSACTION (0.0ms)[0m  [1m[36mbegin transaction[0m
  [1m[36mActiveRecord::InternalMetadata Create (0.2ms)[0m  [1m[32mINSERT INTO "ar_internal_metadata" ("key", "value", "created_at", "updated_at") VALUES (?, ?, ?, ?)[0m  [["key", "environment"], ["value", "development"], ["created_at", "2023-05-02 15:09:38.505958"], ["updated_at", "2023-05-02 15:09:38.505958"]]
  [1m[36mTRANSACTION (1.0ms)[0m  [1m[36mcommit transaction[0m
  [1m[36mActiveRecord::SchemaMigration Pluck (0.1ms)[0m  [1m[34mSELECT "schema_migrations"."version" FROM "schema_migrations" ORDER BY "schema_migrations"."version" ASC[0m
Started GET "/" for 127.0.0.1 at 2023-05-02 12:11:36 -0300
  [1m[36mActiveRecord::SchemaMigration Pluck (0.1ms)[0m  [1m[34mSELECT "schema_migrations"."version" FROM "schema_migrations" ORDER BY "schema_migrations"."version" ASC[0m
Processing by ArticlesController#index as HTML
  Rendering layout layouts/application.html.erb
  Rendering articles/index.html.erb within layouts/application
  Rendered articles/index.html.erb within layouts/application (Duration: 0.3ms | Allocations: 128)
  Rendered layout layouts/application.html.erb (Duration: 11.0ms | Allocations: 14171)
Completed 200 OK in 13ms (Views: 12.2ms | ActiveRecord: 0.0ms | Allocations: 15176)


Started GET "/" for 127.0.0.1 at 2023-05-02 12:11:37 -0300
Processing by ArticlesController#index as HTML
  Rendering layout layouts/application.html.erb
  Rendering articles/index.html.erb within layouts/application
  Rendered articles/index.html.erb within layouts/application (Duration: 0.2ms | Allocations: 7)
  Rendered layout layouts/application.html.erb (Duration: 11.9ms | Allocations: 2352)
Completed 200 OK in 16ms (Views: 14.2ms | ActiveRecord: 0.0ms | Allocations: 2630)


Started GET "/" for 127.0.0.1 at 2023-05-02 12:11:37 -0300
Processing by ArticlesController#index as HTML
  Rendering layout layouts/application.html.erb
  Rendering articles/index.html.erb within layouts/application
  Rendered articles/index.html.erb within layouts/application (Duration: 0.0ms | Allocations: 7)
  Rendered layout layouts/application.html.erb (Duration: 4.3ms | Allocations: 2395)
Completed 200 OK in 5ms (Views: 4.9ms | ActiveRecord: 0.0ms | Allocations: 2656)


Started GET "/" for 127.0.0.1 at 2023-05-02 12:11:38 -0300
Processing by ArticlesController#index as HTML
  Rendering layout layouts/application.html.erb
  Rendering articles/index.html.erb within layouts/application
  Rendered articles/index.html.erb within layouts/application (Duration: 0.1ms | Allocations: 7)
  Rendered layout layouts/application.html.erb (Duration: 7.9ms | Allocations: 2358)
Completed 200 OK in 10ms (Views: 9.0ms | ActiveRecord: 0.0ms | Allocations: 2617)


Started GET "/" for 127.0.0.1 at 2023-05-02 12:11:38 -0300
Processing by ArticlesController#index as HTML
  Rendering layout layouts/application.html.erb
  Rendering articles/index.html.erb within layouts/application
  Rendered articles/index.html.erb within layouts/application (Duration: 0.1ms | Allocations: 7)
  Rendered layout layouts/application.html.erb (Duration: 12.4ms | Allocations: 2358)
Completed 200 OK in 15ms (Views: 13.8ms | ActiveRecord: 0.0ms | Allocations: 2617)


Started GET "/" for 127.0.0.1 at 2023-05-02 12:11:38 -0300
Processing by ArticlesController#index as HTML
  Rendering layout layouts/application.html.erb
  Rendering articles/index.html.erb within layouts/application
  Rendered articles/index.html.erb within layouts/application (Duration: 0.1ms | Allocations: 7)
  Rendered layout layouts/application.html.erb (Duration: 12.4ms | Allocations: 2349)
Completed 200 OK in 16ms (Views: 14.8ms | ActiveRecord: 0.0ms | Allocations: 2608)


Started GET "/" for 127.0.0.1 at 2023-05-02 12:11:38 -0300
Processing by ArticlesController#index as HTML
  Rendering layout layouts/application.html.erb
  Rendering articles/index.html.erb within layouts/application
  Rendered articles/index.html.erb within layouts/application (Duration: 0.1ms | Allocations: 7)
  Rendered layout layouts/application.html.erb (Duration: 9.8ms | Allocations: 2376)
Completed 200 OK in 13ms (Views: 11.7ms | ActiveRecord: 0.0ms | Allocations: 2635)


Started GET "/" for 127.0.0.1 at 2023-05-02 12:11:38 -0300
Processing by ArticlesController#index as HTML
  Rendering layout layouts/application.html.erb
  Rendering articles/index.html.erb within layouts/application
  Rendered articles/index.html.erb within layouts/application (Duration: 0.1ms | Allocations: 7)
  Rendered layout layouts/application.html.erb (Duration: 10.3ms | Allocations: 2382)
Completed 200 OK in 12ms (Views: 11.5ms | ActiveRecord: 0.0ms | Allocations: 2641)


Started GET "/" for 127.0.0.1 at 2023-05-02 12:11:38 -0300
Processing by ArticlesController#index as HTML
  Rendering layout layouts/application.html.erb
  Rendering articles/index.html.erb within layouts/application
  Rendered articles/index.html.erb within layouts/application (Duration: 0.1ms | Allocations: 7)
  Rendered layout layouts/application.html.erb (Duration: 8.0ms | Allocations: 2346)
Completed 200 OK in 11ms (Views: 9.2ms | ActiveRecord: 0.0ms | Allocations: 2605)


Started GET "/" for 127.0.0.1 at 2023-05-02 12:19:01 -0300
  
ArgumentError (Missing :controller key on routes definition, please check your routes.):
  
config/routes.rb:2:in `block in <main>'
config/routes.rb:1:in `<main>'
Started GET "/" for 127.0.0.1 at 2023-05-02 12:19:26 -0300
  
ArgumentError (Invalid route name, already in use: 'root' 
You may have defined two routes with the same name using the `:as` option, or you may be overriding a route already defined by a resource with the same naming. For the latter, you can restrict the routes created with `resources` as explained here: 
https://guides.rubyonrails.org/routing.html#restricting-the-routes-created):
  
config/routes.rb:4:in `block in <main>'
config/routes.rb:1:in `<main>'
Started GET "/" for 127.0.0.1 at 2023-05-02 12:20:27 -0300
  
ArgumentError (Invalid route name, already in use: 'root' 
You may have defined two routes with the same name using the `:as` option, or you may be overriding a route already defined by a resource with the same naming. For the latter, you can restrict the routes created with `resources` as explained here: 
https://guides.rubyonrails.org/routing.html#restricting-the-routes-created):
  
config/routes.rb:4:in `block in <main>'
config/routes.rb:1:in `<main>'
Started GET "/" for 127.0.0.1 at 2023-05-02 12:20:30 -0300
Processing by HomeController#index as HTML
  Rendering layout layouts/application.html.erb
  Rendering home/index.html.erb within layouts/application
  Rendered home/index.html.erb within layouts/application (Duration: 0.5ms | Allocations: 124)
  Rendered layout layouts/application.html.erb (Duration: 18.8ms | Allocations: 14245)
Completed 200 OK in 21ms (Views: 20.5ms | Allocations: 15179)


Started GET "/" for 127.0.0.1 at 2023-05-02 12:20:31 -0300
Processing by HomeController#index as HTML
  Rendering layout layouts/application.html.erb
  Rendering home/index.html.erb within layouts/application
  Rendered home/index.html.erb within layouts/application (Duration: 0.1ms | Allocations: 7)
  Rendered layout layouts/application.html.erb (Duration: 11.0ms | Allocations: 2377)
Completed 200 OK in 13ms (Views: 12.3ms | Allocations: 2650)


Started GET "/" for 127.0.0.1 at 2023-05-02 12:20:31 -0300
Processing by HomeController#index as HTML
  Rendering layout layouts/application.html.erb
  Rendering home/index.html.erb within layouts/application
  Rendered home/index.html.erb within layouts/application (Duration: 0.1ms | Allocations: 7)
  Rendered layout layouts/application.html.erb (Duration: 12.3ms | Allocations: 2368)
Completed 200 OK in 15ms (Views: 13.7ms | Allocations: 2624)


Started GET "/post" for 127.0.0.1 at 2023-05-02 12:20:37 -0300
  
ActionController::RoutingError (No route matches [GET] "/post"):
  
Started GET "/posts" for 127.0.0.1 at 2023-05-02 12:20:43 -0300
Processing by PostsController#index as HTML
Completed 500 Internal Server Error in 2ms (Allocations: 919)


  
SyntaxError (/home/fabio/blogDio/app/models/post.rb:2: syntax error, unexpected ':', expecting `end'
    validates: title, :description, presenc...
             ^
/home/fabio/blogDio/app/models/post.rb:2: syntax error, unexpected ',', expecting '.' or &. or :: or '['
...validates: title, :description, presence: true
...                              ^
):
  
app/models/post.rb:2: syntax error, unexpected ':', expecting `end'
app/models/post.rb:2: syntax error, unexpected ',', expecting '.' or &. or :: or '['
app/models/post.rb:2: syntax error, unexpected ':', expecting `end'
app/models/post.rb:2: syntax error, unexpected ',', expecting '.' or &. or :: or '['
app/models/post.rb:2: syntax error, unexpected ':', expecting `end'
app/models/post.rb:2: syntax error, unexpected ',', expecting '.' or &. or :: or '['
app/controllers/posts_controller.rb:6:in `index'
Started GET "/" for 127.0.0.1 at 2023-05-02 12:20:49 -0300
Processing by HomeController#index as HTML
  Rendering layout layouts/application.html.erb
  Rendering home/index.html.erb within layouts/application
  Rendered home/index.html.erb within layouts/application (Duration: 0.0ms | Allocations: 7)
  Rendered layout layouts/application.html.erb (Duration: 5.0ms | Allocations: 2496)
Completed 200 OK in 6ms (Views: 5.9ms | Allocations: 2780)


Started GET "/" for ::1 at 2023-05-02 12:23:32 -0300
Processing by HomeController#index as HTML
  Rendering layout layouts/application.html.erb
  Rendering home/index.html.erb within layouts/application
  Rendered home/index.html.erb within layouts/application (Duration: 0.0ms | Allocations: 7)
  Rendered layout layouts/application.html.erb (Duration: 5.6ms | Allocations: 2275)
Completed 200 OK in 7ms (Views: 6.3ms | Allocations: 2531)


Started GET "/posts" for ::1 at 2023-05-02 12:23:41 -0300
Processing by PostsController#index as HTML
Completed 500 Internal Server Error in 7ms (Allocations: 2366)


  
SyntaxError (/home/fabio/blogDio/app/models/post.rb:2: syntax error, unexpected ':', expecting `end'
    validates: title, :description, presenc...
             ^
/home/fabio/blogDio/app/models/post.rb:2: syntax error, unexpected ',', expecting '.' or &. or :: or '['
...validates: title, :description, presence: true
...                              ^
):
  
app/models/post.rb:2: syntax error, unexpected ':', expecting `end'
app/models/post.rb:2: syntax error, unexpected ',', expecting '.' or &. or :: or '['
app/models/post.rb:2: syntax error, unexpected ':', expecting `end'
app/models/post.rb:2: syntax error, unexpected ',', expecting '.' or &. or :: or '['
app/models/post.rb:2: syntax error, unexpected ':', expecting `end'
app/models/post.rb:2: syntax error, unexpected ',', expecting '.' or &. or :: or '['
app/controllers/posts_controller.rb:6:in `index'
Started GET "/posts" for ::1 at 2023-05-02 12:25:25 -0300
  
ArgumentError (Invalid route name, already in use: 'root' 
You may have defined two routes with the same name using the `:as` option, or you may be overriding a route already defined by a resource with the same naming. For the latter, you can restrict the routes created with `resources` as explained here: 
https://guides.rubyonrails.org/routing.html#restricting-the-routes-created):
  
config/routes.rb:4:in `block in <main>'
config/routes.rb:1:in `<main>'
Started GET "/posts" for ::1 at 2023-05-02 12:25:26 -0300
Processing by PostsController#index as HTML
  Rendering layout layouts/application.html.erb
  Rendering posts/index.html.erb within layouts/application
  [1m[36mPost Load (0.1ms)[0m  [1m[34mSELECT "posts".* FROM "posts"[0m
  ↳ app/views/posts/index.html.erb:6
  Rendered posts/index.html.erb within layouts/application (Duration: 2.7ms | Allocations: 1505)
  Rendered layout layouts/application.html.erb (Duration: 21.9ms | Allocations: 15202)
Completed 200 OK in 26ms (Views: 23.1ms | ActiveRecord: 0.3ms | Allocations: 16928)


Started GET "/posts" for ::1 at 2023-05-02 12:25:26 -0300
Processing by PostsController#index as HTML
  Rendering layout layouts/application.html.erb
  Rendering posts/index.html.erb within layouts/application
  [1m[36mPost Load (0.3ms)[0m  [1m[34mSELECT "posts".* FROM "posts"[0m
  ↳ app/views/posts/index.html.erb:6
  Rendered posts/index.html.erb within layouts/application (Duration: 5.0ms | Allocations: 756)
  Rendered layout layouts/application.html.erb (Duration: 15.7ms | Allocations: 2948)
Completed 200 OK in 18ms (Views: 16.6ms | ActiveRecord: 0.3ms | Allocations: 3244)


Started GET "/posts" for ::1 at 2023-05-02 12:25:26 -0300
Processing by PostsController#index as HTML
  Rendering layout layouts/application.html.erb
  Rendering posts/index.html.erb within layouts/application
  [1m[36mPost Load (0.3ms)[0m  [1m[34mSELECT "posts".* FROM "posts"[0m
  ↳ app/views/posts/index.html.erb:6
  Rendered posts/index.html.erb within layouts/application (Duration: 5.2ms | Allocations: 740)
  Rendered layout layouts/application.html.erb (Duration: 14.8ms | Allocations: 2932)
Completed 200 OK in 17ms (Views: 16.0ms | ActiveRecord: 0.3ms | Allocations: 3203)


Started GET "/" for ::1 at 2023-05-02 12:26:01 -0300
Processing by HomeController#index as HTML
  Rendering layout layouts/application.html.erb
  Rendering home/index.html.erb within layouts/application
  Rendered home/index.html.erb within layouts/application (Duration: 0.1ms | Allocations: 12)
  Rendered layout layouts/application.html.erb (Duration: 3.8ms | Allocations: 2669)
Completed 200 OK in 6ms (Views: 5.2ms | ActiveRecord: 0.0ms | Allocations: 3309)


Started GET "/" for ::1 at 2023-05-02 12:28:20 -0300
Processing by HomeController#index as HTML
  Rendering layout layouts/application.html.erb
  Rendering home/index.html.erb within layouts/application
  Rendered home/index.html.erb within layouts/application (Duration: 1.2ms | Allocations: 131)
  Rendered layout layouts/application.html.erb (Duration: 8.3ms | Allocations: 2964)
Completed 200 OK in 15ms (Views: 12.9ms | ActiveRecord: 0.0ms | Allocations: 3844)


Started GET "/" for ::1 at 2023-05-02 12:28:20 -0300
Processing by HomeController#index as HTML
  Rendering layout layouts/application.html.erb
  Rendering home/index.html.erb within layouts/application
  Rendered home/index.html.erb within layouts/application (Duration: 0.1ms | Allocations: 7)
  Rendered layout layouts/application.html.erb (Duration: 7.0ms | Allocations: 2350)
Completed 200 OK in 9ms (Views: 8.1ms | ActiveRecord: 0.0ms | Allocations: 2628)


Started GET "/posts" for ::1 at 2023-05-02 12:29:06 -0300
Processing by PostsController#index as HTML
  Rendering layout layouts/application.html.erb
  Rendering posts/index.html.erb within layouts/application
  [1m[36mPost Load (0.1ms)[0m  [1m[34mSELECT "posts".* FROM "posts"[0m
  ↳ app/views/posts/index.html.erb:6
  Rendered posts/index.html.erb within layouts/application (Duration: 2.7ms | Allocations: 1183)
  Rendered layout layouts/application.html.erb (Duration: 6.8ms | Allocations: 3584)
Completed 200 OK in 10ms (Views: 8.5ms | ActiveRecord: 0.1ms | Allocations: 4263)


Started GET "/" for ::1 at 2023-05-02 12:29:48 -0300
Processing by HomeController#index as HTML
  Rendering layout layouts/application.html.erb
  Rendering home/index.html.erb within layouts/application
  Rendered home/index.html.erb within layouts/application (Duration: 0.7ms | Allocations: 126)
  Rendered layout layouts/application.html.erb (Duration: 5.2ms | Allocations: 2953)
Completed 200 OK in 9ms (Views: 8.4ms | ActiveRecord: 0.0ms | Allocations: 3827)


Started GET "/posts" for ::1 at 2023-05-02 12:29:50 -0300
Processing by PostsController#index as HTML
  Rendering layout layouts/application.html.erb
  Rendering posts/index.html.erb within layouts/application
  [1m[36mPost Load (0.1ms)[0m  [1m[34mSELECT "posts".* FROM "posts"[0m
  ↳ app/views/posts/index.html.erb:6
  Rendered posts/index.html.erb within layouts/application (Duration: 4.0ms | Allocations: 1157)
  Rendered layout layouts/application.html.erb (Duration: 8.1ms | Allocations: 3558)
Completed 200 OK in 11ms (Views: 10.1ms | ActiveRecord: 0.1ms | Allocations: 4253)


Started GET "/posts" for ::1 at 2023-05-02 12:29:55 -0300
Processing by PostsController#index as HTML
  Rendering layout layouts/application.html.erb
  Rendering posts/index.html.erb within layouts/application
  [1m[36mPost Load (0.2ms)[0m  [1m[34mSELECT "posts".* FROM "posts"[0m
  ↳ app/views/posts/index.html.erb:6
  Rendered posts/index.html.erb within layouts/application (Duration: 4.1ms | Allocations: 747)
  Rendered layout layouts/application.html.erb (Duration: 11.1ms | Allocations: 2939)
Completed 200 OK in 15ms (Views: 12.6ms | ActiveRecord: 0.2ms | Allocations: 3239)


Started GET "/posts" for ::1 at 2023-05-02 12:30:57 -0300
Processing by PostsController#index as HTML
  Rendering layout layouts/application.html.erb
  Rendering posts/index.html.erb within layouts/application
  [1m[36mPost Load (0.2ms)[0m  [1m[34mSELECT "posts".* FROM "posts"[0m
  ↳ app/views/posts/index.html.erb:6
  Rendered posts/index.html.erb within layouts/application (Duration: 4.0ms | Allocations: 1176)
  Rendered layout layouts/application.html.erb (Duration: 10.0ms | Allocations: 3760)
Completed 200 OK in 14ms (Views: 12.1ms | ActiveRecord: 0.2ms | Allocations: 4643)


Started GET "/posts/new" for ::1 at 2023-05-02 12:30:59 -0300
Processing by PostsController#new as HTML
  Rendering layout layouts/application.html.erb
  Rendering posts/new.html.erb within layouts/application
  Rendered posts/_form.html.erb (Duration: 9.1ms | Allocations: 4650)
  Rendered posts/new.html.erb within layouts/application (Duration: 10.4ms | Allocations: 4981)
  Rendered layout layouts/application.html.erb (Duration: 13.3ms | Allocations: 7295)
Completed 200 OK in 44ms (Views: 13.9ms | ActiveRecord: 1.9ms | Allocations: 14251)


Started GET "/posts" for ::1 at 2023-05-02 12:31:17 -0300
Processing by PostsController#index as HTML
  Rendering layout layouts/application.html.erb
  Rendering posts/index.html.erb within layouts/application
  [1m[36mPost Load (0.1ms)[0m  [1m[34mSELECT "posts".* FROM "posts"[0m
  ↳ app/views/posts/index.html.erb:6
  Rendered posts/index.html.erb within layouts/application (Duration: 3.7ms | Allocations: 1181)
  Rendered layout layouts/application.html.erb (Duration: 10.2ms | Allocations: 3766)
Completed 200 OK in 14ms (Views: 12.6ms | ActiveRecord: 0.1ms | Allocations: 4684)


Started GET "/posts/new" for ::1 at 2023-05-02 12:31:18 -0300
Processing by PostsController#new as HTML
  Rendering layout layouts/application.html.erb
  Rendering posts/new.html.erb within layouts/application
  Rendered posts/_form.html.erb (Duration: 20.9ms | Allocations: 1631)
  Rendered posts/new.html.erb within layouts/application (Duration: 23.1ms | Allocations: 1913)
  Rendered layout layouts/application.html.erb (Duration: 27.6ms | Allocations: 4118)
Completed 200 OK in 30ms (Views: 28.8ms | ActiveRecord: 0.0ms | Allocations: 4475)


Started POST "/posts" for ::1 at 2023-05-02 12:32:34 -0300
Processing by PostsController#create as TURBO_STREAM
  Parameters: {"authenticity_token"=>"[FILTERED]", "post"=>{"title"=>"Harry Potter e a pedra Filosofal", "description"=>"Um bom livro para ler em um dia chuvoso, eu li por meados de 15 de janeiro", "text"=>"Jk. rolling e dou nota 9"}, "commit"=>"Create Post"}
  [1m[36mTRANSACTION (0.1ms)[0m  [1m[36mbegin transaction[0m
  ↳ app/controllers/posts_controller.rb:27:in `block in create'
  [1m[36mPost Create (0.3ms)[0m  [1m[32mINSERT INTO "posts" ("title", "description", "text", "created_at", "updated_at") VALUES (?, ?, ?, ?, ?)[0m  [["title", "Harry Potter e a pedra Filosofal"], ["description", "Um bom livro para ler em um dia chuvoso, eu li por meados de 15 de janeiro"], ["text", "Jk. rolling e dou nota 9"], ["created_at", "2023-05-02 15:32:34.026074"], ["updated_at", "2023-05-02 15:32:34.026074"]]
  ↳ app/controllers/posts_controller.rb:27:in `block in create'
  [1m[36mTRANSACTION (1.0ms)[0m  [1m[36mcommit transaction[0m
  ↳ app/controllers/posts_controller.rb:27:in `block in create'
Redirected to http://localhost:3000/posts/1
Completed 302 Found in 8ms (ActiveRecord: 1.3ms | Allocations: 3847)


Started GET "/posts/1" for ::1 at 2023-05-02 12:32:34 -0300
Processing by PostsController#show as TURBO_STREAM
  Parameters: {"id"=>"1"}
  [1m[36mPost Load (0.5ms)[0m  [1m[34mSELECT "posts".* FROM "posts" WHERE "posts"."id" = ? LIMIT ?[0m  [["id", 1], ["LIMIT", 1]]
  ↳ app/controllers/posts_controller.rb:63:in `set_post'
  Rendering layout layouts/application.html.erb
  Rendering posts/show.html.erb within layouts/application
  Rendered posts/_post.html.erb (Duration: 0.6ms | Allocations: 254)
  Rendered posts/show.html.erb within layouts/application (Duration: 3.2ms | Allocations: 1599)
  Rendered layout layouts/application.html.erb (Duration: 6.1ms | Allocations: 3909)
Completed 200 OK in 11ms (Views: 6.7ms | ActiveRecord: 0.5ms | Allocations: 6720)


Started GET "/posts" for ::1 at 2023-05-02 12:32:38 -0300
Processing by PostsController#index as HTML
  Rendering layout layouts/application.html.erb
  Rendering posts/index.html.erb within layouts/application
  [1m[36mPost Load (0.4ms)[0m  [1m[34mSELECT "posts".* FROM "posts"[0m
  ↳ app/views/posts/index.html.erb:6
  Rendered posts/_post.html.erb (Duration: 0.3ms | Allocations: 24)
  Rendered posts/index.html.erb within layouts/application (Duration: 7.2ms | Allocations: 983)
  Rendered layout layouts/application.html.erb (Duration: 15.1ms | Allocations: 3177)
Completed 200 OK in 18ms (Views: 16.4ms | ActiveRecord: 0.4ms | Allocations: 3485)


Started GET "/posts/new" for ::1 at 2023-05-02 12:32:47 -0300
Processing by PostsController#new as HTML
  Rendering layout layouts/application.html.erb
  Rendering posts/new.html.erb within layouts/application
  Rendered posts/_form.html.erb (Duration: 7.0ms | Allocations: 1218)
  Rendered posts/new.html.erb within layouts/application (Duration: 7.8ms | Allocations: 1306)
  Rendered layout layouts/application.html.erb (Duration: 14.0ms | Allocations: 3498)
Completed 200 OK in 16ms (Views: 15.2ms | ActiveRecord: 0.0ms | Allocations: 3780)


Started POST "/posts" for ::1 at 2023-05-02 12:34:18 -0300
Processing by PostsController#create as TURBO_STREAM
  Parameters: {"authenticity_token"=>"[FILTERED]", "post"=>{"title"=>"Código Limpo", "description"=>"Um bom livro para quem deseja a qualidade de software", "text"=>"Robert Martin - nota 8"}, "commit"=>"Create Post"}
  [1m[36mTRANSACTION (0.3ms)[0m  [1m[36mbegin transaction[0m
  ↳ app/controllers/posts_controller.rb:27:in `block in create'
  [1m[36mPost Create (1.0ms)[0m  [1m[32mINSERT INTO "posts" ("title", "description", "text", "created_at", "updated_at") VALUES (?, ?, ?, ?, ?)[0m  [["title", "Código Limpo"], ["description", "Um bom livro para quem deseja a qualidade de software"], ["text", "Robert Martin - nota 8"], ["created_at", "2023-05-02 15:34:18.423598"], ["updated_at", "2023-05-02 15:34:18.423598"]]
  ↳ app/controllers/posts_controller.rb:27:in `block in create'
  [1m[36mTRANSACTION (1.9ms)[0m  [1m[36mcommit transaction[0m
  ↳ app/controllers/posts_controller.rb:27:in `block in create'
Redirected to http://localhost:3000/posts/2
Completed 302 Found in 19ms (ActiveRecord: 3.2ms | Allocations: 2400)


Started GET "/posts/2" for ::1 at 2023-05-02 12:34:18 -0300
Processing by PostsController#show as TURBO_STREAM
  Parameters: {"id"=>"2"}
  [1m[36mPost Load (0.3ms)[0m  [1m[34mSELECT "posts".* FROM "posts" WHERE "posts"."id" = ? LIMIT ?[0m  [["id", 2], ["LIMIT", 1]]
  ↳ app/controllers/posts_controller.rb:63:in `set_post'
  Rendering layout layouts/application.html.erb
  Rendering posts/show.html.erb within layouts/application
  Rendered posts/_post.html.erb (Duration: 0.3ms | Allocations: 22)
  Rendered posts/show.html.erb within layouts/application (Duration: 3.6ms | Allocations: 591)
  Rendered layout layouts/application.html.erb (Duration: 11.7ms | Allocations: 2775)
Completed 200 OK in 17ms (Views: 13.2ms | ActiveRecord: 0.3ms | Allocations: 3524)


Started GET "/posts" for ::1 at 2023-05-02 12:34:21 -0300
Processing by PostsController#index as HTML
  Rendering layout layouts/application.html.erb
  Rendering posts/index.html.erb within layouts/application
  [1m[36mPost Load (0.3ms)[0m  [1m[34mSELECT "posts".* FROM "posts"[0m
  ↳ app/views/posts/index.html.erb:6
  Rendered posts/_post.html.erb (Duration: 0.3ms | Allocations: 24)
  Rendered posts/_post.html.erb (Duration: 0.3ms | Allocations: 21)
  Rendered posts/index.html.erb within layouts/application (Duration: 7.6ms | Allocations: 1031)
  Rendered layout layouts/application.html.erb (Duration: 15.6ms | Allocations: 3223)
Completed 200 OK in 18ms (Views: 16.8ms | ActiveRecord: 0.3ms | Allocations: 3496)


Started GET "/posts" for ::1 at 2023-05-02 12:35:03 -0300
Processing by PostsController#index as HTML
  Rendering layout layouts/application.html.erb
  Rendering posts/index.html.erb within layouts/application
  [1m[36mPost Load (0.2ms)[0m  [1m[34mSELECT "posts".* FROM "posts"[0m
  ↳ app/views/posts/index.html.erb:6
  Rendered posts/_post.html.erb (Duration: 1.3ms | Allocations: 202)
  Rendered posts/_post.html.erb (Duration: 0.1ms | Allocations: 21)
  Rendered posts/index.html.erb within layouts/application (Duration: 7.1ms | Allocations: 1733)
  Rendered layout layouts/application.html.erb (Duration: 11.4ms | Allocations: 4316)
Completed 200 OK in 16ms (Views: 13.6ms | ActiveRecord: 0.2ms | Allocations: 5183)


Started GET "/posts/new" for ::1 at 2023-05-02 12:35:52 -0300
Processing by PostsController#new as HTML
  Rendering layout layouts/application.html.erb
  Rendering posts/new.html.erb within layouts/application
  Rendered posts/_form.html.erb (Duration: 6.6ms | Allocations: 1606)
  Rendered posts/new.html.erb within layouts/application (Duration: 9.1ms | Allocations: 1884)
  Rendered layout layouts/application.html.erb (Duration: 14.2ms | Allocations: 4076)
Completed 200 OK in 18ms (Views: 15.8ms | ActiveRecord: 0.0ms | Allocations: 4432)


Started POST "/posts" for ::1 at 2023-05-02 12:36:59 -0300
Processing by PostsController#create as TURBO_STREAM
  Parameters: {"authenticity_token"=>"[FILTERED]", "post"=>{"title"=>"Conselhos para obreiros", "description"=>"Um bom livro para quem é líder na igreja ou almeja ser.", "text"=>"C.H Spurgeon, Nota 9,8"}, "commit"=>"Create Post"}
  [1m[36mTRANSACTION (0.2ms)[0m  [1m[36mbegin transaction[0m
  ↳ app/controllers/posts_controller.rb:27:in `block in create'
  [1m[36mPost Create (0.8ms)[0m  [1m[32mINSERT INTO "posts" ("title", "description", "text", "created_at", "updated_at") VALUES (?, ?, ?, ?, ?)[0m  [["title", "Conselhos para obreiros"], ["description", "Um bom livro para quem é líder na igreja ou almeja ser."], ["text", "C.H Spurgeon, Nota 9,8"], ["created_at", "2023-05-02 15:36:59.997685"], ["updated_at", "2023-05-02 15:36:59.997685"]]
  ↳ app/controllers/posts_controller.rb:27:in `block in create'
  [1m[36mTRANSACTION (2.5ms)[0m  [1m[36mcommit transaction[0m
  ↳ app/controllers/posts_controller.rb:27:in `block in create'
Redirected to http://localhost:3000/posts/3
Completed 302 Found in 20ms (ActiveRecord: 3.6ms | Allocations: 2376)


Started GET "/posts/3" for ::1 at 2023-05-02 12:37:00 -0300
Processing by PostsController#show as TURBO_STREAM
  Parameters: {"id"=>"3"}
  [1m[36mPost Load (0.2ms)[0m  [1m[34mSELECT "posts".* FROM "posts" WHERE "posts"."id" = ? LIMIT ?[0m  [["id", 3], ["LIMIT", 1]]
  ↳ app/controllers/posts_controller.rb:63:in `set_post'
  Rendering layout layouts/application.html.erb
  Rendering posts/show.html.erb within layouts/application
  Rendered posts/_post.html.erb (Duration: 0.1ms | Allocations: 22)
  Rendered posts/show.html.erb within layouts/application (Duration: 3.4ms | Allocations: 827)
  Rendered layout layouts/application.html.erb (Duration: 10.2ms | Allocations: 3011)
Completed 200 OK in 14ms (Views: 11.3ms | ActiveRecord: 0.2ms | Allocations: 3881)


Started GET "/posts" for ::1 at 2023-05-02 12:37:02 -0300
Processing by PostsController#index as HTML
  Rendering layout layouts/application.html.erb
  Rendering posts/index.html.erb within layouts/application
  [1m[36mPost Load (0.3ms)[0m  [1m[34mSELECT "posts".* FROM "posts"[0m
  ↳ app/views/posts/index.html.erb:6
  Rendered posts/_post.html.erb (Duration: 0.4ms | Allocations: 24)
  Rendered posts/_post.html.erb (Duration: 0.3ms | Allocations: 21)
  Rendered posts/_post.html.erb (Duration: 0.3ms | Allocations: 21)
  Rendered posts/index.html.erb within layouts/application (Duration: 10.4ms | Allocations: 1164)
  Rendered layout layouts/application.html.erb (Duration: 18.5ms | Allocations: 3356)
Completed 200 OK in 21ms (Views: 19.3ms | ActiveRecord: 0.3ms | Allocations: 3631)


Started GET "/posts/new" for ::1 at 2023-05-02 12:37:48 -0300
Processing by PostsController#new as HTML
  Rendering layout layouts/application.html.erb
  Rendering posts/new.html.erb within layouts/application
  Rendered posts/_form.html.erb (Duration: 5.8ms | Allocations: 1128)
  Rendered posts/new.html.erb within layouts/application (Duration: 6.7ms | Allocations: 1215)
  Rendered layout layouts/application.html.erb (Duration: 13.2ms | Allocations: 3407)
Completed 200 OK in 16ms (Views: 14.4ms | ActiveRecord: 0.0ms | Allocations: 3684)


Started POST "/posts" for ::1 at 2023-05-02 12:38:38 -0300
Processing by PostsController#create as TURBO_STREAM
  Parameters: {"authenticity_token"=>"[FILTERED]", "post"=>{"title"=>"Inteligência humilhada", "description"=>"Um dos livros que você não pode passar dessa vida para a outra sem ler.", "text"=>"Jonas Madureira, nota 10"}, "commit"=>"Create Post"}
  [1m[36mTRANSACTION (0.2ms)[0m  [1m[36mbegin transaction[0m
  ↳ app/controllers/posts_controller.rb:27:in `block in create'
  [1m[36mPost Create (0.8ms)[0m  [1m[32mINSERT INTO "posts" ("title", "description", "text", "created_at", "updated_at") VALUES (?, ?, ?, ?, ?)[0m  [["title", "Inteligência humilhada"], ["description", "Um dos livros que você não pode passar dessa vida para a outra sem ler."], ["text", "Jonas Madureira, nota 10"], ["created_at", "2023-05-02 15:38:38.072953"], ["updated_at", "2023-05-02 15:38:38.072953"]]
  ↳ app/controllers/posts_controller.rb:27:in `block in create'
  [1m[36mTRANSACTION (1.5ms)[0m  [1m[36mcommit transaction[0m
  ↳ app/controllers/posts_controller.rb:27:in `block in create'
Redirected to http://localhost:3000/posts/4
Completed 302 Found in 16ms (ActiveRecord: 2.4ms | Allocations: 2247)


Started GET "/posts/4" for ::1 at 2023-05-02 12:38:38 -0300
Processing by PostsController#show as TURBO_STREAM
  Parameters: {"id"=>"4"}
  [1m[36mPost Load (0.1ms)[0m  [1m[34mSELECT "posts".* FROM "posts" WHERE "posts"."id" = ? LIMIT ?[0m  [["id", 4], ["LIMIT", 1]]
  ↳ app/controllers/posts_controller.rb:63:in `set_post'
  Rendering layout layouts/application.html.erb
  Rendering posts/show.html.erb within layouts/application
  Rendered posts/_post.html.erb (Duration: 0.1ms | Allocations: 23)
  Rendered posts/show.html.erb within layouts/application (Duration: 1.3ms | Allocations: 568)
  Rendered layout layouts/application.html.erb (Duration: 4.4ms | Allocations: 2765)
Completed 200 OK in 14ms (Views: 4.9ms | ActiveRecord: 0.1ms | Allocations: 3507)


Started GET "/posts" for ::1 at 2023-05-02 12:38:40 -0300
Processing by PostsController#index as HTML
  Rendering layout layouts/application.html.erb
  Rendering posts/index.html.erb within layouts/application
  [1m[36mPost Load (0.4ms)[0m  [1m[34mSELECT "posts".* FROM "posts"[0m
  ↳ app/views/posts/index.html.erb:6
  Rendered posts/_post.html.erb (Duration: 0.2ms | Allocations: 24)
  Rendered posts/_post.html.erb (Duration: 0.1ms | Allocations: 21)
  Rendered posts/_post.html.erb (Duration: 0.1ms | Allocations: 21)
  Rendered posts/_post.html.erb (Duration: 0.2ms | Allocations: 22)
  Rendered posts/index.html.erb within layouts/application (Duration: 7.3ms | Allocations: 1305)
  Rendered layout layouts/application.html.erb (Duration: 13.1ms | Allocations: 3498)
Completed 200 OK in 16ms (Views: 14.2ms | ActiveRecord: 0.4ms | Allocations: 3771)


Started GET "/posts/new" for ::1 at 2023-05-02 12:38:44 -0300
Processing by PostsController#new as HTML
  Rendering layout layouts/application.html.erb
  Rendering posts/new.html.erb within layouts/application
  Rendered posts/_form.html.erb (Duration: 6.5ms | Allocations: 1147)
  Rendered posts/new.html.erb within layouts/application (Duration: 7.5ms | Allocations: 1234)
  Rendered layout layouts/application.html.erb (Duration: 16.7ms | Allocations: 3427)
Completed 200 OK in 19ms (Views: 17.8ms | ActiveRecord: 0.0ms | Allocations: 3704)


Started POST "/posts" for ::1 at 2023-05-02 12:40:44 -0300
Processing by PostsController#create as TURBO_STREAM
  Parameters: {"authenticity_token"=>"[FILTERED]", "post"=>{"title"=>"Engenharia de Requisitos", "description"=>"Livro que acabei lendo para fazer um trabalho da faculdade.", "text"=>"Carlos Eduardo Vasquez e Guilherme Siqueira Simões, nota 7"}, "commit"=>"Create Post"}
  [1m[36mTRANSACTION (0.2ms)[0m  [1m[36mbegin transaction[0m
  ↳ app/controllers/posts_controller.rb:27:in `block in create'
  [1m[36mPost Create (0.9ms)[0m  [1m[32mINSERT INTO "posts" ("title", "description", "text", "created_at", "updated_at") VALUES (?, ?, ?, ?, ?)[0m  [["title", "Engenharia de Requisitos"], ["description", "Livro que acabei lendo para fazer um trabalho da faculdade."], ["text", "Carlos Eduardo Vasquez e Guilherme Siqueira Simões, nota 7"], ["created_at", "2023-05-02 15:40:44.555950"], ["updated_at", "2023-05-02 15:40:44.555950"]]
  ↳ app/controllers/posts_controller.rb:27:in `block in create'
  [1m[36mTRANSACTION (3.6ms)[0m  [1m[36mcommit transaction[0m
  ↳ app/controllers/posts_controller.rb:27:in `block in create'
Redirected to http://localhost:3000/posts/5
Completed 302 Found in 18ms (ActiveRecord: 4.7ms | Allocations: 2273)


Started GET "/posts/5" for ::1 at 2023-05-02 12:40:44 -0300
Processing by PostsController#show as TURBO_STREAM
  Parameters: {"id"=>"5"}
  [1m[36mPost Load (0.2ms)[0m  [1m[34mSELECT "posts".* FROM "posts" WHERE "posts"."id" = ? LIMIT ?[0m  [["id", 5], ["LIMIT", 1]]
  ↳ app/controllers/posts_controller.rb:63:in `set_post'
  Rendering layout layouts/application.html.erb
  Rendering posts/show.html.erb within layouts/application
  Rendered posts/_post.html.erb (Duration: 0.1ms | Allocations: 24)
  Rendered posts/show.html.erb within layouts/application (Duration: 1.4ms | Allocations: 587)
  Rendered layout layouts/application.html.erb (Duration: 4.2ms | Allocations: 2781)
Completed 200 OK in 7ms (Views: 4.9ms | ActiveRecord: 0.2ms | Allocations: 3519)


Started GET "/posts" for ::1 at 2023-05-02 12:40:48 -0300
Processing by PostsController#index as HTML
  Rendering layout layouts/application.html.erb
  Rendering posts/index.html.erb within layouts/application
  [1m[36mPost Load (0.4ms)[0m  [1m[34mSELECT "posts".* FROM "posts"[0m
  ↳ app/views/posts/index.html.erb:6
  Rendered posts/_post.html.erb (Duration: 0.4ms | Allocations: 24)
  Rendered posts/_post.html.erb (Duration: 0.2ms | Allocations: 21)
  Rendered posts/_post.html.erb (Duration: 0.2ms | Allocations: 21)
  Rendered posts/_post.html.erb (Duration: 0.1ms | Allocations: 22)
  Rendered posts/_post.html.erb (Duration: 0.1ms | Allocations: 23)
  Rendered posts/index.html.erb within layouts/application (Duration: 9.9ms | Allocations: 1434)
  Rendered layout layouts/application.html.erb (Duration: 15.3ms | Allocations: 3626)
Completed 200 OK in 18ms (Views: 16.0ms | ActiveRecord: 0.4ms | Allocations: 3899)


Started GET "/posts" for ::1 at 2023-05-02 12:40:57 -0300
Processing by PostsController#index as HTML
  Rendering layout layouts/application.html.erb
  Rendering posts/index.html.erb within layouts/application
  [1m[36mPost Load (0.2ms)[0m  [1m[34mSELECT "posts".* FROM "posts"[0m
  ↳ app/views/posts/index.html.erb:6
  Rendered posts/_post.html.erb (Duration: 0.1ms | Allocations: 24)
  Rendered posts/_post.html.erb (Duration: 0.1ms | Allocations: 21)
  Rendered posts/_post.html.erb (Duration: 0.1ms | Allocations: 21)
  Rendered posts/_post.html.erb (Duration: 0.1ms | Allocations: 22)
  Rendered posts/_post.html.erb (Duration: 0.1ms | Allocations: 23)
  Rendered posts/index.html.erb within layouts/application (Duration: 4.7ms | Allocations: 1449)
  Rendered layout layouts/application.html.erb (Duration: 10.3ms | Allocations: 3641)
Completed 200 OK in 12ms (Views: 10.9ms | ActiveRecord: 0.2ms | Allocations: 3912)


Started GET "/posts/5" for ::1 at 2023-05-02 12:40:59 -0300
Processing by PostsController#show as HTML
  Parameters: {"id"=>"5"}
  [1m[36mPost Load (0.1ms)[0m  [1m[34mSELECT "posts".* FROM "posts" WHERE "posts"."id" = ? LIMIT ?[0m  [["id", 5], ["LIMIT", 1]]
  ↳ app/controllers/posts_controller.rb:63:in `set_post'
  Rendering layout layouts/application.html.erb
  Rendering posts/show.html.erb within layouts/application
  Rendered posts/_post.html.erb (Duration: 0.1ms | Allocations: 24)
  Rendered posts/show.html.erb within layouts/application (Duration: 1.7ms | Allocations: 553)
  Rendered layout layouts/application.html.erb (Duration: 5.9ms | Allocations: 2737)
Completed 200 OK in 9ms (Views: 6.8ms | ActiveRecord: 0.1ms | Allocations: 3472)


Started GET "/" for ::1 at 2023-05-02 12:41:06 -0300
Processing by HomeController#index as HTML
  Rendering layout layouts/application.html.erb
  Rendering home/index.html.erb within layouts/application
  Rendered home/index.html.erb within layouts/application (Duration: 0.6ms | Allocations: 127)
  Rendered layout layouts/application.html.erb (Duration: 5.1ms | Allocations: 2765)
Completed 200 OK in 9ms (Views: 7.8ms | ActiveRecord: 0.0ms | Allocations: 3409)


Started GET "/posts" for ::1 at 2023-05-02 12:41:10 -0300
Processing by PostsController#index as HTML
  Rendering layout layouts/application.html.erb
  Rendering posts/index.html.erb within layouts/application
  [1m[36mPost Load (0.5ms)[0m  [1m[34mSELECT "posts".* FROM "posts"[0m
  ↳ app/views/posts/index.html.erb:6
  Rendered posts/_post.html.erb (Duration: 0.2ms | Allocations: 29)
  Rendered posts/_post.html.erb (Duration: 0.1ms | Allocations: 21)
  Rendered posts/_post.html.erb (Duration: 0.1ms | Allocations: 21)
  Rendered posts/_post.html.erb (Duration: 0.1ms | Allocations: 22)
  Rendered posts/_post.html.erb (Duration: 0.1ms | Allocations: 23)
  Rendered posts/index.html.erb within layouts/application (Duration: 8.3ms | Allocations: 1542)
  Rendered layout layouts/application.html.erb (Duration: 13.2ms | Allocations: 3734)
Completed 200 OK in 16ms (Views: 13.8ms | ActiveRecord: 0.5ms | Allocations: 4030)


Started GET "/posts" for ::1 at 2023-05-02 12:42:07 -0300
Processing by PostsController#index as HTML
  Rendering layout layouts/application.html.erb
  Rendering posts/index.html.erb within layouts/application
  [1m[36mPost Load (0.3ms)[0m  [1m[34mSELECT "posts".* FROM "posts"[0m
  ↳ app/views/posts/index.html.erb:6
  Rendered posts/_post.html.erb (Duration: 1.3ms | Allocations: 202)
  Rendered posts/_post.html.erb (Duration: 0.2ms | Allocations: 21)
  Rendered posts/_post.html.erb (Duration: 0.2ms | Allocations: 21)
  Rendered posts/_post.html.erb (Duration: 0.2ms | Allocations: 22)
  Rendered posts/_post.html.erb (Duration: 0.2ms | Allocations: 23)
  Rendered posts/index.html.erb within layouts/application (Duration: 11.8ms | Allocations: 2135)
  Rendered layout layouts/application.html.erb (Duration: 21.1ms | Allocations: 4718)
Completed 200 OK in 27ms (Views: 24.0ms | ActiveRecord: 0.3ms | Allocations: 5600)


Started GET "/" for ::1 at 2023-05-02 12:42:10 -0300
Processing by HomeController#index as HTML
  Rendering layout layouts/application.html.erb
  Rendering home/index.html.erb within layouts/application
  Rendered home/index.html.erb within layouts/application (Duration: 0.9ms | Allocations: 125)
  Rendered layout layouts/application.html.erb (Duration: 6.5ms | Allocations: 2766)
Completed 200 OK in 9ms (Views: 8.3ms | ActiveRecord: 0.0ms | Allocations: 3428)


Started GET "/posts" for ::1 at 2023-05-02 12:42:12 -0300
Processing by PostsController#index as HTML
  Rendering layout layouts/application.html.erb
  Rendering posts/index.html.erb within layouts/application
  [1m[36mPost Load (0.2ms)[0m  [1m[34mSELECT "posts".* FROM "posts"[0m
  ↳ app/views/posts/index.html.erb:6
  Rendered posts/_post.html.erb (Duration: 0.2ms | Allocations: 29)
  Rendered posts/_post.html.erb (Duration: 0.1ms | Allocations: 21)
  Rendered posts/_post.html.erb (Duration: 0.1ms | Allocations: 21)
  Rendered posts/_post.html.erb (Duration: 0.1ms | Allocations: 22)
  Rendered posts/_post.html.erb (Duration: 0.1ms | Allocations: 23)
  Rendered posts/index.html.erb within layouts/application (Duration: 5.4ms | Allocations: 1545)
  Rendered layout layouts/application.html.erb (Duration: 9.6ms | Allocations: 3737)
Completed 200 OK in 11ms (Views: 10.1ms | ActiveRecord: 0.2ms | Allocations: 4032)


